<?xml version="1.0" encoding="UTF-8" ?>
<testsuite failures="0" time="0.089" errors="0" skipped="0" tests="1" name="PatternKeyTokenizerFactoryTest">
  <properties>
    <property name="java.runtime.name" value="Java(TM) SE Runtime Environment"/>
    <property name="sun.boot.library.path" value="C:\Program Files\ToolSuite_5.1m\java\jre\bin"/>
    <property name="java.vm.version" value="24.45-b08"/>
    <property name="java.vm.vendor" value="Oracle Corporation"/>
    <property name="java.vendor.url" value="http://java.oracle.com/"/>
    <property name="path.separator" value=";"/>
    <property name="java.vm.name" value="Java HotSpot(TM) 64-Bit Server VM"/>
    <property name="file.encoding.pkg" value="sun.io"/>
    <property name="user.script" value=""/>
    <property name="user.country" value="US"/>
    <property name="sun.java.launcher" value="SUN_STANDARD"/>
    <property name="sun.os.patch.level" value="Service Pack 1"/>
    <property name="java.vm.specification.name" value="Java Virtual Machine Specification"/>
    <property name="user.dir" value="D:\Projects2\elastic-search-pattern-tokenizer"/>
    <property name="java.runtime.version" value="1.7.0_45-b18"/>
    <property name="java.awt.graphicsenv" value="sun.awt.Win32GraphicsEnvironment"/>
    <property name="basedir" value="D:\Projects2\elastic-search-pattern-tokenizer"/>
    <property name="java.endorsed.dirs" value="C:\Program Files\ToolSuite_5.1m\java\jre\lib\endorsed"/>
    <property name="os.arch" value="amd64"/>
    <property name="surefire.real.class.path" value="D:\Projects2\elastic-search-pattern-tokenizer\target\surefire\surefirebooter5349873262172169663.jar"/>
    <property name="java.io.tmpdir" value="C:\Users\NICKOL~1.INT\AppData\Local\Temp\"/>
    <property name="line.separator" value="
"/>
    <property name="java.vm.specification.vendor" value="Oracle Corporation"/>
    <property name="user.variant" value=""/>
    <property name="os.name" value="Windows 7"/>
    <property name="sun.jnu.encoding" value="Cp1252"/>
    <property name="java.library.path" value="C:\Program Files\ToolSuite_5.1m\java\jre\bin;C:\Windows\Sun\Java\bin;C:\Windows\system32;C:\Windows;c:\Program Files (x86)\Intel\iCLS Client\;c:\Program Files\Intel\iCLS Client\;C:\Program Files\Broadcom\Broadcom 802.11;;C:\Windows\system32;C:\Windows;C:\Windows\System32\Wbem;C:\Windows\System32\WindowsPowerShell\v1.0\;c:\Program Files\WIDCOMM\Bluetooth Software\;c:\Program Files\WIDCOMM\Bluetooth Software\syswow64;C:\Program Files\Intel\Intel(R) Management Engine Components\DAL;C:\Program Files\Intel\Intel(R) Management Engine Components\IPT;C:\Program Files (x86)\Intel\Intel(R) Management Engine Components\DAL;C:\Program Files (x86)\Intel\Intel(R) Management Engine Components\IPT;C:\Program Files (x86)\Intel\OpenCL SDK\2.0\bin\x86;C:\Program Files (x86)\Intel\OpenCL SDK\2.0\bin\x64;C:\Program Files\MySQL\MySQL Server 5.5\bin;C:\Program Files (x86)\Common Files\ThinPrint\;C:\Program Files\TortoiseSVN\bin;."/>
    <property name="surefire.test.class.path" value="D:\Projects2\elastic-search-pattern-tokenizer\target\test-classes;D:\Projects2\elastic-search-pattern-tokenizer\target\classes;C:\Users\nickolayb.INTELLINX-SW\.m2\repository\org\elasticsearch\elasticsearch\1.3.2\elasticsearch-1.3.2.jar;C:\Users\nickolayb.INTELLINX-SW\.m2\repository\org\apache\lucene\lucene-core\4.9.0\lucene-core-4.9.0.jar;C:\Users\nickolayb.INTELLINX-SW\.m2\repository\org\apache\lucene\lucene-analyzers-common\4.9.0\lucene-analyzers-common-4.9.0.jar;C:\Users\nickolayb.INTELLINX-SW\.m2\repository\org\apache\lucene\lucene-codecs\4.9.0\lucene-codecs-4.9.0.jar;C:\Users\nickolayb.INTELLINX-SW\.m2\repository\org\apache\lucene\lucene-queries\4.9.0\lucene-queries-4.9.0.jar;C:\Users\nickolayb.INTELLINX-SW\.m2\repository\org\apache\lucene\lucene-memory\4.9.0\lucene-memory-4.9.0.jar;C:\Users\nickolayb.INTELLINX-SW\.m2\repository\org\apache\lucene\lucene-highlighter\4.9.0\lucene-highlighter-4.9.0.jar;C:\Users\nickolayb.INTELLINX-SW\.m2\repository\org\apache\lucene\lucene-queryparser\4.9.0\lucene-queryparser-4.9.0.jar;C:\Users\nickolayb.INTELLINX-SW\.m2\repository\org\apache\lucene\lucene-sandbox\4.9.0\lucene-sandbox-4.9.0.jar;C:\Users\nickolayb.INTELLINX-SW\.m2\repository\org\apache\lucene\lucene-suggest\4.9.0\lucene-suggest-4.9.0.jar;C:\Users\nickolayb.INTELLINX-SW\.m2\repository\org\apache\lucene\lucene-misc\4.9.0\lucene-misc-4.9.0.jar;C:\Users\nickolayb.INTELLINX-SW\.m2\repository\org\apache\lucene\lucene-join\4.9.0\lucene-join-4.9.0.jar;C:\Users\nickolayb.INTELLINX-SW\.m2\repository\org\apache\lucene\lucene-grouping\4.9.0\lucene-grouping-4.9.0.jar;C:\Users\nickolayb.INTELLINX-SW\.m2\repository\org\apache\lucene\lucene-spatial\4.9.0\lucene-spatial-4.9.0.jar;C:\Users\nickolayb.INTELLINX-SW\.m2\repository\com\spatial4j\spatial4j\0.4.1\spatial4j-0.4.1.jar;C:\Users\nickolayb.INTELLINX-SW\.m2\repository\org\antlr\antlr-runtime\3.5\antlr-runtime-3.5.jar;C:\Users\nickolayb.INTELLINX-SW\.m2\repository\org\ow2\asm\asm\4.1\asm-4.1.jar;C:\Users\nickolayb.INTELLINX-SW\.m2\repository\org\ow2\asm\asm-commons\4.1\asm-commons-4.1.jar;C:\Users\nickolayb.INTELLINX-SW\.m2\repository\junit\junit\4.11\junit-4.11.jar;C:\Users\nickolayb.INTELLINX-SW\.m2\repository\org\hamcrest\hamcrest-core\1.3\hamcrest-core-1.3.jar;"/>
    <property name="java.specification.name" value="Java Platform API Specification"/>
    <property name="java.class.version" value="51.0"/>
    <property name="sun.management.compiler" value="HotSpot 64-Bit Tiered Compilers"/>
    <property name="os.version" value="6.1"/>
    <property name="user.home" value="C:\Users\nickolayb.INTELLINX-SW"/>
    <property name="user.timezone" value=""/>
    <property name="java.awt.printerjob" value="sun.awt.windows.WPrinterJob"/>
    <property name="java.specification.version" value="1.7"/>
    <property name="file.encoding" value="Cp1252"/>
    <property name="user.name" value="NickolayB"/>
    <property name="java.class.path" value="D:\Projects2\elastic-search-pattern-tokenizer\target\test-classes;D:\Projects2\elastic-search-pattern-tokenizer\target\classes;C:\Users\nickolayb.INTELLINX-SW\.m2\repository\org\elasticsearch\elasticsearch\1.3.2\elasticsearch-1.3.2.jar;C:\Users\nickolayb.INTELLINX-SW\.m2\repository\org\apache\lucene\lucene-core\4.9.0\lucene-core-4.9.0.jar;C:\Users\nickolayb.INTELLINX-SW\.m2\repository\org\apache\lucene\lucene-analyzers-common\4.9.0\lucene-analyzers-common-4.9.0.jar;C:\Users\nickolayb.INTELLINX-SW\.m2\repository\org\apache\lucene\lucene-codecs\4.9.0\lucene-codecs-4.9.0.jar;C:\Users\nickolayb.INTELLINX-SW\.m2\repository\org\apache\lucene\lucene-queries\4.9.0\lucene-queries-4.9.0.jar;C:\Users\nickolayb.INTELLINX-SW\.m2\repository\org\apache\lucene\lucene-memory\4.9.0\lucene-memory-4.9.0.jar;C:\Users\nickolayb.INTELLINX-SW\.m2\repository\org\apache\lucene\lucene-highlighter\4.9.0\lucene-highlighter-4.9.0.jar;C:\Users\nickolayb.INTELLINX-SW\.m2\repository\org\apache\lucene\lucene-queryparser\4.9.0\lucene-queryparser-4.9.0.jar;C:\Users\nickolayb.INTELLINX-SW\.m2\repository\org\apache\lucene\lucene-sandbox\4.9.0\lucene-sandbox-4.9.0.jar;C:\Users\nickolayb.INTELLINX-SW\.m2\repository\org\apache\lucene\lucene-suggest\4.9.0\lucene-suggest-4.9.0.jar;C:\Users\nickolayb.INTELLINX-SW\.m2\repository\org\apache\lucene\lucene-misc\4.9.0\lucene-misc-4.9.0.jar;C:\Users\nickolayb.INTELLINX-SW\.m2\repository\org\apache\lucene\lucene-join\4.9.0\lucene-join-4.9.0.jar;C:\Users\nickolayb.INTELLINX-SW\.m2\repository\org\apache\lucene\lucene-grouping\4.9.0\lucene-grouping-4.9.0.jar;C:\Users\nickolayb.INTELLINX-SW\.m2\repository\org\apache\lucene\lucene-spatial\4.9.0\lucene-spatial-4.9.0.jar;C:\Users\nickolayb.INTELLINX-SW\.m2\repository\com\spatial4j\spatial4j\0.4.1\spatial4j-0.4.1.jar;C:\Users\nickolayb.INTELLINX-SW\.m2\repository\org\antlr\antlr-runtime\3.5\antlr-runtime-3.5.jar;C:\Users\nickolayb.INTELLINX-SW\.m2\repository\org\ow2\asm\asm\4.1\asm-4.1.jar;C:\Users\nickolayb.INTELLINX-SW\.m2\repository\org\ow2\asm\asm-commons\4.1\asm-commons-4.1.jar;C:\Users\nickolayb.INTELLINX-SW\.m2\repository\junit\junit\4.11\junit-4.11.jar;C:\Users\nickolayb.INTELLINX-SW\.m2\repository\org\hamcrest\hamcrest-core\1.3\hamcrest-core-1.3.jar;"/>
    <property name="java.vm.specification.version" value="1.7"/>
    <property name="sun.arch.data.model" value="64"/>
    <property name="java.home" value="C:\Program Files\ToolSuite_5.1m\java\jre"/>
    <property name="sun.java.command" value="D:\Projects2\elastic-search-pattern-tokenizer\target\surefire\surefirebooter5349873262172169663.jar D:\Projects2\elastic-search-pattern-tokenizer\target\surefire\surefire1117225207783769666tmp D:\Projects2\elastic-search-pattern-tokenizer\target\surefire\surefire2559034011210649682tmp"/>
    <property name="java.specification.vendor" value="Oracle Corporation"/>
    <property name="user.language" value="en"/>
    <property name="awt.toolkit" value="sun.awt.windows.WToolkit"/>
    <property name="java.vm.info" value="mixed mode"/>
    <property name="java.version" value="1.7.0_45"/>
    <property name="java.ext.dirs" value="C:\Program Files\ToolSuite_5.1m\java\jre\lib\ext;C:\Windows\Sun\Java\lib\ext"/>
    <property name="sun.boot.class.path" value="C:\Program Files\ToolSuite_5.1m\java\jre\lib\resources.jar;C:\Program Files\ToolSuite_5.1m\java\jre\lib\rt.jar;C:\Program Files\ToolSuite_5.1m\java\jre\lib\sunrsasign.jar;C:\Program Files\ToolSuite_5.1m\java\jre\lib\jsse.jar;C:\Program Files\ToolSuite_5.1m\java\jre\lib\jce.jar;C:\Program Files\ToolSuite_5.1m\java\jre\lib\charsets.jar;C:\Program Files\ToolSuite_5.1m\java\jre\lib\jfr.jar;C:\Program Files\ToolSuite_5.1m\java\jre\classes"/>
    <property name="java.vendor" value="Oracle Corporation"/>
    <property name="localRepository" value="C:\Users\nickolayb.INTELLINX-SW\.m2\repository"/>
    <property name="file.separator" value="\"/>
    <property name="java.vendor.url.bug" value="http://bugreport.sun.com/bugreport/"/>
    <property name="sun.cpu.endian" value="little"/>
    <property name="sun.io.unicode.encoding" value="UnicodeLittle"/>
    <property name="sun.desktop" value="windows"/>
    <property name="sun.cpu.isalist" value="amd64"/>
  </properties>
  <testcase time="0.005" classname="PatternKeyTokenizerFactoryTest" name="defaultModeTest"/>
</testsuite>